c:\users\alvaro\source\repos\v002ip\v002ip\debug\vc141.pdb
c:\users\alvaro\source\repos\v002ip\v002ip\debug\vc141.idb
c:\users\alvaro\source\repos\v002ip\v002ip\debug\sqlite3.obj
c:\users\alvaro\source\repos\v002ip\v002ip\debug\main.obj
c:\users\alvaro\source\repos\v002ip\v002ip\debug\tfg.obj
c:\users\alvaro\source\repos\v002ip\v002ip\debug\presentacion.obj
c:\users\alvaro\source\repos\v002ip\v002ip\debug\alumno.obj
c:\users\alvaro\source\repos\v002ip\v002ip\debug\profesor.obj
c:\users\alvaro\source\repos\v002ip\v002ip\debug\grado.obj
c:\users\alvaro\source\repos\v002ip\v002ip\debug\usuario.obj
c:\users\alvaro\source\repos\v002ip\v002ip\debug\disponibilidad.obj
c:\users\alvaro\source\repos\v002ip\v002ip\debug\sqlite3funciones.obj
c:\users\alvaro\source\repos\v002ip\v002ip\debug\basededatosg.obj
c:\users\alvaro\source\repos\v002ip\debug\v002ip.exe
c:\users\alvaro\source\repos\v002ip\debug\v002ip.ilk
c:\users\alvaro\source\repos\v002ip\debug\v002ip.pdb
c:\users\alvaro\source\repos\v002ip\v002ip\debug\v002ip.tlog\cl.command.1.tlog
c:\users\alvaro\source\repos\v002ip\v002ip\debug\v002ip.tlog\cl.read.1.tlog
c:\users\alvaro\source\repos\v002ip\v002ip\debug\v002ip.tlog\cl.write.1.tlog
c:\users\alvaro\source\repos\v002ip\v002ip\debug\v002ip.tlog\link-cvtres.read.1.tlog
c:\users\alvaro\source\repos\v002ip\v002ip\debug\v002ip.tlog\link-cvtres.write.1.tlog
c:\users\alvaro\source\repos\v002ip\v002ip\debug\v002ip.tlog\link-rc.read.1.tlog
c:\users\alvaro\source\repos\v002ip\v002ip\debug\v002ip.tlog\link-rc.write.1.tlog
c:\users\alvaro\source\repos\v002ip\v002ip\debug\v002ip.tlog\link.3744-cvtres.read.1.tlog
c:\users\alvaro\source\repos\v002ip\v002ip\debug\v002ip.tlog\link.3744-cvtres.write.1.tlog
c:\users\alvaro\source\repos\v002ip\v002ip\debug\v002ip.tlog\link.3744-rc.read.1.tlog
c:\users\alvaro\source\repos\v002ip\v002ip\debug\v002ip.tlog\link.3744-rc.write.1.tlog
c:\users\alvaro\source\repos\v002ip\v002ip\debug\v002ip.tlog\link.3744.read.1.tlog
c:\users\alvaro\source\repos\v002ip\v002ip\debug\v002ip.tlog\link.3744.write.1.tlog
c:\users\alvaro\source\repos\v002ip\v002ip\debug\v002ip.tlog\link.command.1.tlog
c:\users\alvaro\source\repos\v002ip\v002ip\debug\v002ip.tlog\link.read.1.tlog
c:\users\alvaro\source\repos\v002ip\v002ip\debug\v002ip.tlog\link.write.1.tlog
