d:\u-tad\v0.8 base de datos\v002ip\x64\debug\vc141.pdb
d:\u-tad\v0.8 base de datos\v002ip\x64\debug\vc141.idb
d:\u-tad\v0.8 base de datos\v002ip\x64\debug\usuario.obj
d:\u-tad\v0.8 base de datos\v002ip\x64\debug\tfg.obj
d:\u-tad\v0.8 base de datos\v002ip\x64\debug\profesor.obj
d:\u-tad\v0.8 base de datos\v002ip\x64\debug\presentacion.obj
d:\u-tad\v0.8 base de datos\v002ip\x64\debug\main.obj
d:\u-tad\v0.8 base de datos\v002ip\x64\debug\grado.obj
d:\u-tad\v0.8 base de datos\v002ip\x64\debug\disponibilidad.obj
d:\u-tad\v0.8 base de datos\v002ip\x64\debug\alumno.obj
d:\u-tad\v0.8 base de datos\v002ip\x64\debug\sqlite3.obj
d:\u-tad\v0.8 base de datos\v002ip\x64\debug\parrilla.obj
d:\u-tad\v0.8 base de datos\x64\debug\v002ip.pdb
d:\u-tad\v0.8 base de datos\x64\debug\v002ip.exe
d:\u-tad\v0.8 base de datos\x64\debug\v002ip.ilk
d:\u-tad\v0.8 base de datos\v002ip\x64\debug\v002ip.tlog\cl.command.1.tlog
d:\u-tad\v0.8 base de datos\v002ip\x64\debug\v002ip.tlog\cl.read.1.tlog
d:\u-tad\v0.8 base de datos\v002ip\x64\debug\v002ip.tlog\cl.write.1.tlog
d:\u-tad\v0.8 base de datos\v002ip\x64\debug\v002ip.tlog\link.command.1.tlog
d:\u-tad\v0.8 base de datos\v002ip\x64\debug\v002ip.tlog\link.read.1.tlog
d:\u-tad\v0.8 base de datos\v002ip\x64\debug\v002ip.tlog\link.write.1.tlog
