c:\users\user\documents\utad\2o\construccionsw\github\theip\qt 0.0.4\qt 0.0.4\x64\debug\eliminar_profesor.obj
c:\users\user\documents\utad\2o\construccionsw\github\theip\qt 0.0.4\qt 0.0.4\x64\debug\insertar_profesor.obj
c:\users\user\documents\utad\2o\construccionsw\github\theip\qt 0.0.4\qt 0.0.4\x64\debug\modificar_profesor.obj
c:\users\user\documents\utad\2o\construccionsw\github\theip\qt 0.0.4\qt 0.0.4\x64\debug\moc_crear_tutoria.obj
c:\users\user\documents\utad\2o\construccionsw\github\theip\qt 0.0.4\qt 0.0.4\x64\debug\moc_gestionar_profesores.obj
c:\users\user\documents\utad\2o\construccionsw\github\theip\qt 0.0.4\qt 0.0.4\x64\debug\moc_parrilla_de_presentaciones.obj
c:\users\user\documents\utad\2o\construccionsw\github\theip\qt 0.0.4\qt 0.0.4\x64\debug\eliminar_tutoria.obj
c:\users\user\documents\utad\2o\construccionsw\github\theip\qt 0.0.4\qt 0.0.4\x64\debug\insertar_alumno.obj
c:\users\user\documents\utad\2o\construccionsw\github\theip\qt 0.0.4\qt 0.0.4\x64\debug\modificar_tutoria.obj
c:\users\user\documents\utad\2o\construccionsw\github\theip\qt 0.0.4\qt 0.0.4\x64\debug\moc_eliminar_grado.obj
c:\users\user\documents\utad\2o\construccionsw\github\theip\qt 0.0.4\qt 0.0.4\x64\debug\moc_insertar_grado.obj
c:\users\user\documents\utad\2o\construccionsw\github\theip\qt 0.0.4\qt 0.0.4\x64\debug\moc_ver_parrilla.obj
c:\users\user\documents\utad\2o\construccionsw\github\theip\qt 0.0.4\qt 0.0.4\x64\debug\eliminar_alumno.obj
c:\users\user\documents\utad\2o\construccionsw\github\theip\qt 0.0.4\qt 0.0.4\x64\debug\gestionar_grados.obj
c:\users\user\documents\utad\2o\construccionsw\github\theip\qt 0.0.4\qt 0.0.4\x64\debug\ver_parrilla.obj
c:\users\user\documents\utad\2o\construccionsw\github\theip\qt 0.0.4\qt 0.0.4\x64\debug\moc_eliminar_tutoria.obj
c:\users\user\documents\utad\2o\construccionsw\github\theip\qt 0.0.4\qt 0.0.4\x64\debug\moc_menu_principal.obj
c:\users\user\documents\utad\2o\construccionsw\github\theip\qt 0.0.4\qt 0.0.4\x64\debug\generar_parrilla.obj
c:\users\user\documents\utad\2o\construccionsw\github\theip\qt 0.0.4\qt 0.0.4\x64\debug\mainwindow.obj
c:\users\user\documents\utad\2o\construccionsw\github\theip\qt 0.0.4\qt 0.0.4\x64\debug\moc_buscar_parrilla.obj
c:\users\user\documents\utad\2o\construccionsw\github\theip\qt 0.0.4\qt 0.0.4\x64\debug\moc_gestionar_grados.obj
c:\users\user\documents\utad\2o\construccionsw\github\theip\qt 0.0.4\qt 0.0.4\x64\debug\moc_modificar_profesor.obj
c:\users\user\documents\utad\2o\construccionsw\github\theip\qt 0.0.4\qt 0.0.4\x64\debug\crear_tutoria.obj
c:\users\user\documents\utad\2o\construccionsw\github\theip\qt 0.0.4\qt 0.0.4\x64\debug\main.obj
c:\users\user\documents\utad\2o\construccionsw\github\theip\qt 0.0.4\qt 0.0.4\x64\debug\parrilla_de_presentaciones.obj
c:\users\user\documents\utad\2o\construccionsw\github\theip\qt 0.0.4\qt 0.0.4\x64\debug\moc_eliminar_profesor.obj
c:\users\user\documents\utad\2o\construccionsw\github\theip\qt 0.0.4\qt 0.0.4\x64\debug\moc_insertar_profesor.obj
c:\users\user\documents\utad\2o\construccionsw\github\theip\qt 0.0.4\qt 0.0.4\x64\debug\gestionar_alumnos.obj
c:\users\user\documents\utad\2o\construccionsw\github\theip\qt 0.0.4\qt 0.0.4\x64\debug\menu_principal.obj
c:\users\user\documents\utad\2o\construccionsw\github\theip\qt 0.0.4\qt 0.0.4\x64\debug\qrc_mainwindow.obj
c:\users\user\documents\utad\2o\construccionsw\github\theip\qt 0.0.4\qt 0.0.4\x64\debug\moc_mainwindow.obj
c:\users\user\documents\utad\2o\construccionsw\github\theip\qt 0.0.4\qt 0.0.4\x64\debug\moc_generar_parrilla.obj
c:\users\user\documents\utad\2o\construccionsw\github\theip\qt 0.0.4\qt 0.0.4\x64\debug\moc_modificar_alumno.obj
c:\users\user\documents\utad\2o\construccionsw\github\theip\qt 0.0.4\qt 0.0.4\x64\debug\buscar_parrilla.obj
c:\users\user\documents\utad\2o\construccionsw\github\theip\qt 0.0.4\qt 0.0.4\x64\debug\insertar_grado.obj
c:\users\user\documents\utad\2o\construccionsw\github\theip\qt 0.0.4\qt 0.0.4\x64\debug\modificar_alumno.obj
c:\users\user\documents\utad\2o\construccionsw\github\theip\qt 0.0.4\qt 0.0.4\x64\debug\moc_eliminar_alumno.obj
c:\users\user\documents\utad\2o\construccionsw\github\theip\qt 0.0.4\qt 0.0.4\x64\debug\moc_insertar_alumno.obj
c:\users\user\documents\utad\2o\construccionsw\github\theip\qt 0.0.4\qt 0.0.4\x64\debug\moc_tutorias.obj
c:\users\user\documents\utad\2o\construccionsw\github\theip\qt 0.0.4\qt 0.0.4\x64\debug\eliminar_grado.obj
c:\users\user\documents\utad\2o\construccionsw\github\theip\qt 0.0.4\qt 0.0.4\x64\debug\gestionar_profesores.obj
c:\users\user\documents\utad\2o\construccionsw\github\theip\qt 0.0.4\qt 0.0.4\x64\debug\tutorias.obj
c:\users\user\documents\utad\2o\construccionsw\github\theip\qt 0.0.4\qt 0.0.4\x64\debug\moc_gestionar_alumnos.obj
c:\users\user\documents\utad\2o\construccionsw\github\theip\qt 0.0.4\qt 0.0.4\x64\debug\moc_modificar_tutoria.obj
c:\users\user\documents\utad\2o\construccionsw\github\theip\qt 0.0.4\qt 0.0.4\x64\debug\vc141.pdb
c:\users\user\documents\utad\2o\construccionsw\github\theip\qt 0.0.4\x64\debug\qt 0.0.4.exe
c:\users\user\documents\utad\2o\construccionsw\github\theip\qt 0.0.4\x64\debug\qt 0.0.4.ilk
c:\users\user\documents\utad\2o\construccionsw\github\theip\qt 0.0.4\x64\debug\qt 0.0.4.pdb
c:\users\user\documents\utad\2o\construccionsw\github\theip\qt 0.0.4\qt 0.0.4\.\generatedfiles\debug\moc_mainwindow.cpp
c:\users\user\documents\utad\2o\construccionsw\github\theip\qt 0.0.4\qt 0.0.4\.\generatedfiles\debug\moc_buscar_parrilla.cpp
c:\users\user\documents\utad\2o\construccionsw\github\theip\qt 0.0.4\qt 0.0.4\.\generatedfiles\debug\moc_crear_tutoria.cpp
c:\users\user\documents\utad\2o\construccionsw\github\theip\qt 0.0.4\qt 0.0.4\.\generatedfiles\debug\moc_eliminar_alumno.cpp
c:\users\user\documents\utad\2o\construccionsw\github\theip\qt 0.0.4\qt 0.0.4\.\generatedfiles\debug\moc_eliminar_grado.cpp
c:\users\user\documents\utad\2o\construccionsw\github\theip\qt 0.0.4\qt 0.0.4\.\generatedfiles\debug\moc_eliminar_profesor.cpp
c:\users\user\documents\utad\2o\construccionsw\github\theip\qt 0.0.4\qt 0.0.4\.\generatedfiles\debug\moc_eliminar_tutoria.cpp
c:\users\user\documents\utad\2o\construccionsw\github\theip\qt 0.0.4\qt 0.0.4\.\generatedfiles\debug\moc_generar_parrilla.cpp
c:\users\user\documents\utad\2o\construccionsw\github\theip\qt 0.0.4\qt 0.0.4\.\generatedfiles\debug\moc_gestionar_alumnos.cpp
c:\users\user\documents\utad\2o\construccionsw\github\theip\qt 0.0.4\qt 0.0.4\.\generatedfiles\debug\moc_gestionar_grados.cpp
c:\users\user\documents\utad\2o\construccionsw\github\theip\qt 0.0.4\qt 0.0.4\.\generatedfiles\debug\moc_gestionar_profesores.cpp
c:\users\user\documents\utad\2o\construccionsw\github\theip\qt 0.0.4\qt 0.0.4\.\generatedfiles\debug\moc_insertar_alumno.cpp
c:\users\user\documents\utad\2o\construccionsw\github\theip\qt 0.0.4\qt 0.0.4\.\generatedfiles\debug\moc_insertar_grado.cpp
c:\users\user\documents\utad\2o\construccionsw\github\theip\qt 0.0.4\qt 0.0.4\.\generatedfiles\debug\moc_insertar_profesor.cpp
c:\users\user\documents\utad\2o\construccionsw\github\theip\qt 0.0.4\qt 0.0.4\.\generatedfiles\debug\moc_menu_principal.cpp
c:\users\user\documents\utad\2o\construccionsw\github\theip\qt 0.0.4\qt 0.0.4\.\generatedfiles\debug\moc_modificar_alumno.cpp
c:\users\user\documents\utad\2o\construccionsw\github\theip\qt 0.0.4\qt 0.0.4\.\generatedfiles\debug\moc_modificar_profesor.cpp
c:\users\user\documents\utad\2o\construccionsw\github\theip\qt 0.0.4\qt 0.0.4\.\generatedfiles\debug\moc_modificar_tutoria.cpp
c:\users\user\documents\utad\2o\construccionsw\github\theip\qt 0.0.4\qt 0.0.4\.\generatedfiles\debug\moc_parrilla_de_presentaciones.cpp
c:\users\user\documents\utad\2o\construccionsw\github\theip\qt 0.0.4\qt 0.0.4\.\generatedfiles\debug\moc_tutorias.cpp
c:\users\user\documents\utad\2o\construccionsw\github\theip\qt 0.0.4\qt 0.0.4\.\generatedfiles\debug\moc_ver_parrilla.cpp
c:\users\user\documents\utad\2o\construccionsw\github\theip\qt 0.0.4\qt 0.0.4\generatedfiles\ui_buscar_parrilla.h
c:\users\user\documents\utad\2o\construccionsw\github\theip\qt 0.0.4\qt 0.0.4\generatedfiles\ui_crear_tutoria.h
c:\users\user\documents\utad\2o\construccionsw\github\theip\qt 0.0.4\qt 0.0.4\generatedfiles\ui_eliminar_alumno.h
c:\users\user\documents\utad\2o\construccionsw\github\theip\qt 0.0.4\qt 0.0.4\generatedfiles\ui_eliminar_grado.h
c:\users\user\documents\utad\2o\construccionsw\github\theip\qt 0.0.4\qt 0.0.4\generatedfiles\ui_eliminar_profesor.h
c:\users\user\documents\utad\2o\construccionsw\github\theip\qt 0.0.4\qt 0.0.4\generatedfiles\ui_eliminar_tutoria.h
c:\users\user\documents\utad\2o\construccionsw\github\theip\qt 0.0.4\qt 0.0.4\generatedfiles\ui_generar_parrilla.h
c:\users\user\documents\utad\2o\construccionsw\github\theip\qt 0.0.4\qt 0.0.4\generatedfiles\ui_gestionar_alumnos.h
c:\users\user\documents\utad\2o\construccionsw\github\theip\qt 0.0.4\qt 0.0.4\generatedfiles\ui_gestionar_grados.h
c:\users\user\documents\utad\2o\construccionsw\github\theip\qt 0.0.4\qt 0.0.4\generatedfiles\ui_gestionar_profesores.h
c:\users\user\documents\utad\2o\construccionsw\github\theip\qt 0.0.4\qt 0.0.4\generatedfiles\ui_insertar_alumno.h
c:\users\user\documents\utad\2o\construccionsw\github\theip\qt 0.0.4\qt 0.0.4\generatedfiles\ui_insertar_grado.h
c:\users\user\documents\utad\2o\construccionsw\github\theip\qt 0.0.4\qt 0.0.4\generatedfiles\ui_insertar_profesor.h
c:\users\user\documents\utad\2o\construccionsw\github\theip\qt 0.0.4\qt 0.0.4\generatedfiles\ui_mainwindow.h
c:\users\user\documents\utad\2o\construccionsw\github\theip\qt 0.0.4\qt 0.0.4\generatedfiles\ui_menu_principal.h
c:\users\user\documents\utad\2o\construccionsw\github\theip\qt 0.0.4\qt 0.0.4\generatedfiles\ui_modificar_alumno.h
c:\users\user\documents\utad\2o\construccionsw\github\theip\qt 0.0.4\qt 0.0.4\generatedfiles\ui_modificar_profesor.h
c:\users\user\documents\utad\2o\construccionsw\github\theip\qt 0.0.4\qt 0.0.4\generatedfiles\ui_modificar_tutoria.h
c:\users\user\documents\utad\2o\construccionsw\github\theip\qt 0.0.4\qt 0.0.4\generatedfiles\ui_parrilla_de_presentaciones.h
c:\users\user\documents\utad\2o\construccionsw\github\theip\qt 0.0.4\qt 0.0.4\generatedfiles\ui_tutorias.h
c:\users\user\documents\utad\2o\construccionsw\github\theip\qt 0.0.4\qt 0.0.4\generatedfiles\ui_ver_parrilla.h
c:\users\user\documents\utad\2o\construccionsw\github\theip\qt 0.0.4\qt 0.0.4\generatedfiles\qrc_mainwindow.cpp
c:\users\user\documents\utad\2o\construccionsw\github\theip\qt 0.0.4\qt 0.0.4\generatedfiles\debug\moc_mainwindow.cpp
c:\users\user\documents\utad\2o\construccionsw\github\theip\qt 0.0.4\qt 0.0.4\generatedfiles\debug\moc_buscar_parrilla.cpp
c:\users\user\documents\utad\2o\construccionsw\github\theip\qt 0.0.4\qt 0.0.4\generatedfiles\debug\moc_crear_tutoria.cpp
c:\users\user\documents\utad\2o\construccionsw\github\theip\qt 0.0.4\qt 0.0.4\generatedfiles\debug\moc_eliminar_alumno.cpp
c:\users\user\documents\utad\2o\construccionsw\github\theip\qt 0.0.4\qt 0.0.4\generatedfiles\debug\moc_eliminar_grado.cpp
c:\users\user\documents\utad\2o\construccionsw\github\theip\qt 0.0.4\qt 0.0.4\generatedfiles\debug\moc_eliminar_profesor.cpp
c:\users\user\documents\utad\2o\construccionsw\github\theip\qt 0.0.4\qt 0.0.4\generatedfiles\debug\moc_eliminar_tutoria.cpp
c:\users\user\documents\utad\2o\construccionsw\github\theip\qt 0.0.4\qt 0.0.4\generatedfiles\debug\moc_generar_parrilla.cpp
c:\users\user\documents\utad\2o\construccionsw\github\theip\qt 0.0.4\qt 0.0.4\generatedfiles\debug\moc_gestionar_alumnos.cpp
c:\users\user\documents\utad\2o\construccionsw\github\theip\qt 0.0.4\qt 0.0.4\generatedfiles\debug\moc_gestionar_grados.cpp
c:\users\user\documents\utad\2o\construccionsw\github\theip\qt 0.0.4\qt 0.0.4\generatedfiles\debug\moc_gestionar_profesores.cpp
c:\users\user\documents\utad\2o\construccionsw\github\theip\qt 0.0.4\qt 0.0.4\generatedfiles\debug\moc_insertar_alumno.cpp
c:\users\user\documents\utad\2o\construccionsw\github\theip\qt 0.0.4\qt 0.0.4\generatedfiles\debug\moc_insertar_grado.cpp
c:\users\user\documents\utad\2o\construccionsw\github\theip\qt 0.0.4\qt 0.0.4\generatedfiles\debug\moc_insertar_profesor.cpp
c:\users\user\documents\utad\2o\construccionsw\github\theip\qt 0.0.4\qt 0.0.4\generatedfiles\debug\moc_menu_principal.cpp
c:\users\user\documents\utad\2o\construccionsw\github\theip\qt 0.0.4\qt 0.0.4\generatedfiles\debug\moc_modificar_alumno.cpp
c:\users\user\documents\utad\2o\construccionsw\github\theip\qt 0.0.4\qt 0.0.4\generatedfiles\debug\moc_modificar_profesor.cpp
c:\users\user\documents\utad\2o\construccionsw\github\theip\qt 0.0.4\qt 0.0.4\generatedfiles\debug\moc_modificar_tutoria.cpp
c:\users\user\documents\utad\2o\construccionsw\github\theip\qt 0.0.4\qt 0.0.4\generatedfiles\debug\moc_parrilla_de_presentaciones.cpp
c:\users\user\documents\utad\2o\construccionsw\github\theip\qt 0.0.4\qt 0.0.4\generatedfiles\debug\moc_tutorias.cpp
c:\users\user\documents\utad\2o\construccionsw\github\theip\qt 0.0.4\qt 0.0.4\generatedfiles\debug\moc_ver_parrilla.cpp
c:\users\user\documents\utad\2o\construccionsw\github\theip\qt 0.0.4\qt 0.0.4\.\generatedfiles\qrc_mainwindow.cpp
c:\users\user\documents\utad\2o\construccionsw\github\theip\qt 0.0.4\qt 0.0.4\.\generatedfiles\ui_buscar_parrilla.h
c:\users\user\documents\utad\2o\construccionsw\github\theip\qt 0.0.4\qt 0.0.4\.\generatedfiles\ui_crear_tutoria.h
c:\users\user\documents\utad\2o\construccionsw\github\theip\qt 0.0.4\qt 0.0.4\.\generatedfiles\ui_eliminar_alumno.h
c:\users\user\documents\utad\2o\construccionsw\github\theip\qt 0.0.4\qt 0.0.4\.\generatedfiles\ui_eliminar_grado.h
c:\users\user\documents\utad\2o\construccionsw\github\theip\qt 0.0.4\qt 0.0.4\.\generatedfiles\ui_eliminar_profesor.h
c:\users\user\documents\utad\2o\construccionsw\github\theip\qt 0.0.4\qt 0.0.4\.\generatedfiles\ui_eliminar_tutoria.h
c:\users\user\documents\utad\2o\construccionsw\github\theip\qt 0.0.4\qt 0.0.4\.\generatedfiles\ui_generar_parrilla.h
c:\users\user\documents\utad\2o\construccionsw\github\theip\qt 0.0.4\qt 0.0.4\.\generatedfiles\ui_gestionar_profesores.h
c:\users\user\documents\utad\2o\construccionsw\github\theip\qt 0.0.4\qt 0.0.4\.\generatedfiles\ui_insertar_alumno.h
c:\users\user\documents\utad\2o\construccionsw\github\theip\qt 0.0.4\qt 0.0.4\.\generatedfiles\ui_insertar_grado.h
c:\users\user\documents\utad\2o\construccionsw\github\theip\qt 0.0.4\qt 0.0.4\.\generatedfiles\ui_insertar_profesor.h
c:\users\user\documents\utad\2o\construccionsw\github\theip\qt 0.0.4\qt 0.0.4\.\generatedfiles\ui_mainwindow.h
c:\users\user\documents\utad\2o\construccionsw\github\theip\qt 0.0.4\qt 0.0.4\.\generatedfiles\ui_menu_principal.h
c:\users\user\documents\utad\2o\construccionsw\github\theip\qt 0.0.4\qt 0.0.4\.\generatedfiles\ui_modificar_alumno.h
c:\users\user\documents\utad\2o\construccionsw\github\theip\qt 0.0.4\qt 0.0.4\.\generatedfiles\ui_modificar_profesor.h
c:\users\user\documents\utad\2o\construccionsw\github\theip\qt 0.0.4\qt 0.0.4\.\generatedfiles\ui_modificar_tutoria.h
c:\users\user\documents\utad\2o\construccionsw\github\theip\qt 0.0.4\qt 0.0.4\.\generatedfiles\ui_parrilla_de_presentaciones.h
c:\users\user\documents\utad\2o\construccionsw\github\theip\qt 0.0.4\qt 0.0.4\.\generatedfiles\ui_tutorias.h
c:\users\user\documents\utad\2o\construccionsw\github\theip\qt 0.0.4\qt 0.0.4\.\generatedfiles\ui_ver_parrilla.h
c:\users\user\documents\utad\2o\construccionsw\github\theip\qt 0.0.4\qt 0.0.4\.\generatedfiles\ui_gestionar_alumnos.h
c:\users\user\documents\utad\2o\construccionsw\github\theip\qt 0.0.4\qt 0.0.4\.\generatedfiles\ui_gestionar_grados.h
c:\users\user\documents\utad\2o\construccionsw\github\theip\qt 0.0.4\qt 0.0.4\x64\debug\qt 0.0.4.tlog\cl.command.1.tlog
c:\users\user\documents\utad\2o\construccionsw\github\theip\qt 0.0.4\qt 0.0.4\x64\debug\qt 0.0.4.tlog\cl.read.1.tlog
c:\users\user\documents\utad\2o\construccionsw\github\theip\qt 0.0.4\qt 0.0.4\x64\debug\qt 0.0.4.tlog\cl.write.1.tlog
c:\users\user\documents\utad\2o\construccionsw\github\theip\qt 0.0.4\qt 0.0.4\x64\debug\qt 0.0.4.tlog\link.command.1.tlog
c:\users\user\documents\utad\2o\construccionsw\github\theip\qt 0.0.4\qt 0.0.4\x64\debug\qt 0.0.4.tlog\link.read.1.tlog
c:\users\user\documents\utad\2o\construccionsw\github\theip\qt 0.0.4\qt 0.0.4\x64\debug\qt 0.0.4.tlog\link.write.1.tlog
c:\users\user\documents\utad\2o\construccionsw\github\theip\qt 0.0.4\qt 0.0.4\x64\debug\qt 0.0.4.tlog\moc.read.1u.tlog
c:\users\user\documents\utad\2o\construccionsw\github\theip\qt 0.0.4\qt 0.0.4\x64\debug\qt 0.0.4.tlog\moc.write.1u.tlog
c:\users\user\documents\utad\2o\construccionsw\github\theip\qt 0.0.4\qt 0.0.4\x64\debug\qt 0.0.4.tlog\qt 0.0.4.write.1u.tlog
c:\users\user\documents\utad\2o\construccionsw\github\theip\qt 0.0.4\qt 0.0.4\x64\debug\qt 0.0.4.tlog\rcc.read.1u.tlog
c:\users\user\documents\utad\2o\construccionsw\github\theip\qt 0.0.4\qt 0.0.4\x64\debug\qt 0.0.4.tlog\rcc.write.1u.tlog
c:\users\user\documents\utad\2o\construccionsw\github\theip\qt 0.0.4\qt 0.0.4\x64\debug\qt 0.0.4.tlog\uic.read.1u.tlog
c:\users\user\documents\utad\2o\construccionsw\github\theip\qt 0.0.4\qt 0.0.4\x64\debug\qt 0.0.4.tlog\uic.write.1u.tlog
