  Uic'ing buscar_parrilla.ui...
  Uic'ing crear_tutoria.ui...
  Uic'ing eliminar_alumno.ui...
  Uic'ing eliminar_grado.ui...
  Uic'ing eliminar_profesor.ui...
  Uic'ing eliminar_tutoria.ui...
  Uic'ing generar_parrilla.ui...
  Uic'ing gestionar_alumnos.ui...
  Uic'ing gestionar_grados.ui...
  Uic'ing gestionar_profesores.ui...
  Uic'ing insertar_alumno.ui...
  Uic'ing insertar_grado.ui...
  Uic'ing insertar_profesor.ui...
  Uic'ing mainwindow.ui...
  Uic'ing menu_principal.ui...
  Uic'ing modificar_alumno.ui...
  Uic'ing modificar_profesor.ui...
  Uic'ing modificar_tutoria.ui...
  Uic'ing parrilla_de_presentaciones.ui...
  Uic'ing tutorias.ui...
  Uic'ing ver_parrilla.ui...
  Rcc'ing mainwindow.qrc...
  Moc'ing mainwindow.h...
  Moc'ing buscar_parrilla.h...
   RCC: Warning: No resources in 'C:\Users\User\Documents\UTAD\2O\ConstruccionSW\GitHub\TheIP\Qt 0.0.4\Qt 0.0.4\mainwindow.qrc'.
  Moc'ing crear_tutoria.h...
  Moc'ing eliminar_alumno.h...
  Moc'ing eliminar_grado.h...
  Moc'ing eliminar_profesor.h...
  Moc'ing eliminar_tutoria.h...
  Moc'ing generar_parrilla.h...
  Moc'ing gestionar_alumnos.h...
  Moc'ing gestionar_grados.h...
  Moc'ing gestionar_profesores.h...
  Moc'ing insertar_alumno.h...
  Moc'ing insertar_grado.h...
  Moc'ing insertar_profesor.h...
  Moc'ing menu_principal.h...
  Moc'ing modificar_alumno.h...
  Moc'ing modificar_profesor.h...
  Moc'ing modificar_tutoria.h...
  Moc'ing parrilla_de_presentaciones.h...
  Moc'ing tutorias.h...
  Moc'ing ver_parrilla.h...
  buscar_parrilla.cpp
  crear_tutoria.cpp
  eliminar_alumno.cpp
  eliminar_grado.cpp
  eliminar_profesor.cpp
  eliminar_tutoria.cpp
  generar_parrilla.cpp
  gestionar_alumnos.cpp
  gestionar_grados.cpp
  gestionar_profesores.cpp
  insertar_alumno.cpp
  insertar_grado.cpp
  insertar_profesor.cpp
  main.cpp
  mainwindow.cpp
  menu_principal.cpp
  modificar_alumno.cpp
  modificar_profesor.cpp
  modificar_tutoria.cpp
  parrilla_de_presentaciones.cpp
  tutorias.cpp
  ver_parrilla.cpp
  qrc_mainwindow.cpp
  moc_mainwindow.cpp
  moc_buscar_parrilla.cpp
  moc_crear_tutoria.cpp
  moc_eliminar_alumno.cpp
  moc_eliminar_grado.cpp
  moc_eliminar_profesor.cpp
  moc_eliminar_tutoria.cpp
  moc_generar_parrilla.cpp
  moc_gestionar_alumnos.cpp
  moc_gestionar_grados.cpp
  moc_gestionar_profesores.cpp
  moc_insertar_alumno.cpp
  moc_insertar_grado.cpp
  moc_insertar_profesor.cpp
  moc_menu_principal.cpp
  moc_modificar_alumno.cpp
  moc_modificar_profesor.cpp
  moc_modificar_tutoria.cpp
  moc_parrilla_de_presentaciones.cpp
  moc_tutorias.cpp
  moc_ver_parrilla.cpp
  Qt 0.0.4.vcxproj -> C:\Users\User\Documents\UTAD\2O\ConstruccionSW\GitHub\TheIP\Qt 0.0.4\x64\Debug\Qt 0.0.4.exe
